[    0.000000] Initializing cgroup subsys cpuset
[    0.000000] Initializing cgroup subsys cpu
[    0.000000] Initializing cgroup subsys cpuacct
[    0.000000] Linux version 4.4.0-104-generic (buildd@lgw01-amd64-022) (gcc version 5.4.0 20160609 (Ubuntu 5.4.0-6ubuntu1~16.04.5) ) #127-Ubuntu SMP Mon Dec 11 12:16:42 UTC 2017 (Ubuntu 4.4.0-104.127-generic 4.4.98)
[    0.000000] Command line: BOOT_IMAGE=/boot/vmlinuz-4.4.0-104-generic root=UUID=a3f91fc3-3067-43d1-b704-7b1ab3a66579 ro console=tty1 console=ttyS0
[    0.000000] KERNEL supported cpus:
[    0.000000]   Intel GenuineIntel
[    0.000000]   AMD AuthenticAMD
[    0.000000]   Centaur CentaurHauls
[    0.000000] x86/fpu: xstate_offset[2]:  576, xstate_sizes[2]:  256
[    0.000000] x86/fpu: Supporting XSAVE feature 0x01: 'x87 floating point registers'
[    0.000000] x86/fpu: Supporting XSAVE feature 0x02: 'SSE registers'
[    0.000000] x86/fpu: Supporting XSAVE feature 0x04: 'AVX registers'
[    0.000000] x86/fpu: Enabled xstate features 0x7, context size is 832 bytes, using 'standard' format.
[    0.000000] x86/fpu: Using 'lazy' FPU context switches.
[    0.000000] e820: BIOS-provided physical RAM map:
[    0.000000] BIOS-e820: [mem 0x0000000000000000-0x000000000009fbff] usable
[    0.000000] BIOS-e820: [mem 0x000000000009fc00-0x000000000009ffff] reserved
[    0.000000] BIOS-e820: [mem 0x00000000000f0000-0x00000000000fffff] reserved
[    0.000000] BIOS-e820: [mem 0x0000000000100000-0x000000003ffeffff] usable
[    0.000000] BIOS-e820: [mem 0x000000003fff0000-0x000000003fffffff] ACPI data
[    0.000000] BIOS-e820: [mem 0x00000000fec00000-0x00000000fec00fff] reserved
[    0.000000] BIOS-e820: [mem 0x00000000fee00000-0x00000000fee00fff] reserved
[    0.000000] BIOS-e820: [mem 0x00000000fffc0000-0x00000000ffffffff] reserved
[    0.000000] NX (Execute Disable) protection: active
[    0.000000] SMBIOS 2.5 present.
[    0.000000] Hypervisor detected: KVM
[    0.000000] e820: last_pfn = 0x3fff0 max_arch_pfn = 0x400000000
[    0.000000] MTRR: Disabled
[    0.000000] x86/PAT: MTRRs disabled, skipping PAT initialization too.
[    0.000000] CPU MTRRs all blank - virtualized system.
[    0.000000] x86/PAT: Configuration [0-7]: WB  WT  UC- UC  WB  WT  UC- UC  
[    0.000000] found SMP MP-table at [mem 0x0009fff0-0x0009ffff] mapped at [ffff88000009fff0]
[    0.000000] Scanning 1 areas for low memory corruption
[    0.000000] RAMDISK: [mem 0x36230000-0x3710ffff]
[    0.000000] ACPI: Early table checksum verification disabled
[    0.000000] ACPI: RSDP 0x00000000000E0000 000024 (v02 VBOX  )
[    0.000000] ACPI: XSDT 0x000000003FFF0030 00003C (v01 VBOX   VBOXXSDT 00000001 ASL  00000061)
[    0.000000] ACPI: FACP 0x000000003FFF00F0 0000F4 (v04 VBOX   VBOXFACP 00000001 ASL  00000061)
[    0.000000] ACPI: DSDT 0x000000003FFF0470 0021FF (v02 VBOX   VBOXBIOS 00000002 INTL 20100528)
[    0.000000] ACPI: FACS 0x000000003FFF0200 000040
[    0.000000] ACPI: FACS 0x000000003FFF0200 000040
[    0.000000] ACPI: APIC 0x000000003FFF0240 00005C (v02 VBOX   VBOXAPIC 00000001 ASL  00000061)
[    0.000000] ACPI: SSDT 0x000000003FFF02A0 0001CC (v01 VBOX   VBOXCPUT 00000002 INTL 20100528)
[    0.000000] No NUMA configuration found
[    0.000000] Faking a node at [mem 0x0000000000000000-0x000000003ffeffff]
[    0.000000] NODE_DATA(0) allocated [mem 0x3ffeb000-0x3ffeffff]
[    0.000000] kvm-clock: Using msrs 4b564d01 and 4b564d00
[    0.000000] kvm-clock: cpu 0, msr 0:3ffe3001, primary cpu clock
[    0.000000] kvm-clock: using sched offset of 3262573124 cycles
[    0.000000] clocksource: kvm-clock: mask: 0xffffffffffffffff max_cycles: 0x1cd42e4dffb, max_idle_ns: 881590591483 ns
[    0.000000] Zone ranges:
[    0.000000]   DMA      [mem 0x0000000000001000-0x0000000000ffffff]
[    0.000000]   DMA32    [mem 0x0000000001000000-0x000000003ffeffff]
[    0.000000]   Normal   empty
[    0.000000]   Device   empty
[    0.000000] Movable zone start for each node
[    0.000000] Early memory node ranges
[    0.000000]   node   0: [mem 0x0000000000001000-0x000000000009efff]
[    0.000000]   node   0: [mem 0x0000000000100000-0x000000003ffeffff]
[    0.000000] Initmem setup node 0 [mem 0x0000000000001000-0x000000003ffeffff]
[    0.000000] ACPI: PM-Timer IO Port: 0x4008
[    0.000000] IOAPIC[0]: apic_id 2, version 32, address 0xfec00000, GSI 0-23
[    0.000000] ACPI: INT_SRC_OVR (bus 0 bus_irq 0 global_irq 2 dfl dfl)
[    0.000000] ACPI: INT_SRC_OVR (bus 0 bus_irq 9 global_irq 9 high level)
[    0.000000] Using ACPI (MADT) for SMP configuration information
[    0.000000] smpboot: Allowing 2 CPUs, 0 hotplug CPUs
[    0.000000] PM: Registered nosave memory: [mem 0x00000000-0x00000fff]
[    0.000000] PM: Registered nosave memory: [mem 0x0009f000-0x0009ffff]
[    0.000000] PM: Registered nosave memory: [mem 0x000a0000-0x000effff]
[    0.000000] PM: Registered nosave memory: [mem 0x000f0000-0x000fffff]
[    0.000000] e820: [mem 0x40000000-0xfebfffff] available for PCI devices
[    0.000000] Booting paravirtualized kernel on KVM
[    0.000000] clocksource: refined-jiffies: mask: 0xffffffff max_cycles: 0xffffffff, max_idle_ns: 7645519600211568 ns
[    0.000000] setup_percpu: NR_CPUS:512 nr_cpumask_bits:512 nr_cpu_ids:2 nr_node_ids:1
[    0.000000] PERCPU: Embedded 33 pages/cpu @ffff88003fc00000 s98200 r8192 d28776 u1048576
[    0.000000] PV qspinlock hash table entries: 256 (order: 0, 4096 bytes)
[    0.000000] Built 1 zonelists in Node order, mobility grouping on.  Total pages: 257913
[    0.000000] Policy zone: DMA32
[    0.000000] Kernel command line: BOOT_IMAGE=/boot/vmlinuz-4.4.0-104-generic root=UUID=a3f91fc3-3067-43d1-b704-7b1ab3a66579 ro console=tty1 console=ttyS0
[    0.000000] PID hash table entries: 4096 (order: 3, 32768 bytes)
[    0.000000] Memory: 997340K/1048120K available (8485K kernel code, 1295K rwdata, 3988K rodata, 1492K init, 1316K bss, 50780K reserved, 0K cma-reserved)
[    0.000000] SLUB: HWalign=64, Order=0-3, MinObjects=0, CPUs=2, Nodes=1
[    0.000000] Hierarchical RCU implementation.
[    0.000000] 	Build-time adjustment of leaf fanout to 64.
[    0.000000] 	RCU restricting CPUs from NR_CPUS=512 to nr_cpu_ids=2.
[    0.000000] RCU: Adjusting geometry for rcu_fanout_leaf=64, nr_cpu_ids=2
[    0.000000] NR_IRQS:33024 nr_irqs:440 16
[    0.000000] Console: colour VGA+ 80x25
[    0.000000] console [tty1] enabled
[    0.000000] console [ttyS0] enabled
[    0.000000] tsc: Detected 3392.306 MHz processor
[   10.352756] Calibrating delay loop (skipped) preset value.. 6784.61 BogoMIPS (lpj=13569224)
[   10.570294] pid_max: default: 32768 minimum: 301
[   10.601971] ACPI: Core revision 20150930
[   10.615509] ACPI: 2 ACPI AML tables successfully acquired and loaded
[   10.625891] Security Framework initialized
[   10.626627] Yama: becoming mindful.
[   10.627277] AppArmor: AppArmor initialized
[   10.650797] Dentry cache hash table entries: 131072 (order: 8, 1048576 bytes)
[   10.718845] Inode-cache hash table entries: 65536 (order: 7, 524288 bytes)
[   10.869536] Mount-cache hash table entries: 2048 (order: 2, 16384 bytes)
[   11.030830] Mountpoint-cache hash table entries: 2048 (order: 2, 16384 bytes)
[   11.252473] Initializing cgroup subsys io
[   11.366787] Initializing cgroup subsys memory
[   11.487305] Initializing cgroup subsys devices
[   11.614378] Initializing cgroup subsys freezer
[   11.699371] Initializing cgroup subsys net_cls
[   11.814359] Initializing cgroup subsys perf_event
[   11.942844] Initializing cgroup subsys net_prio
[   12.024862] Initializing cgroup subsys hugetlb
[   12.091422] Initializing cgroup subsys pids
[   12.100434] CPU: Physical Processor ID: 0
[   12.146512] CPU: Processor Core ID: 0
[   12.170648] mce: CPU supports 0 MCE banks
[   12.270371] Last level iTLB entries: 4KB 512, 2MB 8, 4MB 8
[   12.357432] Last level dTLB entries: 4KB 512, 2MB 32, 4MB 32, 1GB 0
[   12.523218] Freeing SMP alternatives memory: 32K
[   12.628873] ftrace: allocating 32158 entries in 126 pages
[   12.708020] smpboot: APIC(0) Converting physical 0 to logical package 0
[   12.734960] smpboot: Max logical packages: 1
[   12.767691] x2apic enabled
[   12.834561] Switched APIC routing to physical x2apic.
[   12.955545] ..TIMER: vector=0x30 apic1=0 pin1=2 apic2=-1 pin2=-1
[   13.206211] smpboot: CPU0: Intel(R) Core(TM) i7-3770 CPU @ 3.40GHz (family: 0x6, model: 0x3a, stepping: 0x9)
[   13.321191] Performance Events: unsupported p6 CPU model 58 no PMU driver, software events only.
[   13.322767] KVM setup paravirtual spinlock
[   13.324042] x86: Booting SMP configuration:
[   13.420998] .... node  #0, CPUs:      #1
[   13.499990] kvm-clock: cpu 1, msr 0:3ffe3041, secondary cpu clock
[   13.500954] mce: CPU supports 0 MCE banks
[   13.503376] x86: Booted up 1 node, 2 CPUs
[   13.529665] smpboot: Total of 2 processors activated (13569.22 BogoMIPS)
[   13.680942] devtmpfs: initialized
[   13.716997] evm: security.selinux
[   13.719290] evm: security.SMACK64
[   13.722807] evm: security.SMACK64EXEC
[   13.723456] evm: security.SMACK64TRANSMUTE
[   13.743334] evm: security.SMACK64MMAP
[   13.796130] evm: security.ima
[   13.824052] evm: security.capability
[   13.876798] clocksource: jiffies: mask: 0xffffffff max_cycles: 0xffffffff, max_idle_ns: 7645041785100000 ns
[   14.097925] futex hash table entries: 512 (order: 3, 32768 bytes)
[   14.194412] pinctrl core: initialized pinctrl subsystem
[   14.295799] RTC time:  0:32:27, date: 01/10/18
[   14.406022] NET: Registered protocol family 16
[   14.499359] cpuidle: using governor ladder
[   14.607434] cpuidle: using governor menu
[   14.686161] PCCT header not found.
[   14.714872] ACPI: bus type PCI registered
[   14.715567] acpiphp: ACPI Hot Plug PCI Controller Driver version: 0.5
[   14.716807] PCI: Using configuration type 1 for base access
[   14.799777] ACPI: Added _OSI(Module Device)
[   14.895191] ACPI: Added _OSI(Processor Device)
[   14.999256] ACPI: Added _OSI(3.0 _SCP Extensions)
[   15.000056] ACPI: Added _OSI(Processor Aggregator 283485] ACPI: Executed 1 blocks of module-level executable AML code
[   15.601454] ACPI: Interpreter enabled
[   15.691821] ACPI: (supports S0 S5)
[   15.735531] ACPI: Using IOAPIC for interrupt routing
[   15.780964] PCI: Using host bridge windows from ACPI; if necessary, use "pci=nocrs" and report a bug
[   15.864758] ACPI: PCI Root Bridge [PCI0] (domain 0000 [bus 00-ff])
[   15.887276] acpi PNP0A03:00: _OSC: OS supports [ASPM ClockPM Segments MSI]
[   16.010414] acpi PNP0A03:00: _OSC: not requesting OS control; OS requires [ExtendedConfig ASPM ClockPM MSI]
[   16.041651] acpi PNP0A03:00: fail to add MMCONFIG information, can't access extended PCI configuration space under this bridge.
[   16.165076] PCI host bridge to bus 0000:00
[   16.235325] pci_bus 0000:00: root bus resource [io  0x0000-0x0cf7 window]
[   16.236395] pci_bus 0000:00: root bus resource [io  0x0d00-0xffff window]
[   16.237421] pci_bus 0000:00: root bus resource [mem 0x000a0000-0x000bffff window]
[   16.302115] pci_bus 0000:00: root bus resource [mem 0x40000000-0xffdfffff window]
[   16.459641] pci_bus 0000:00: root bus resource [bus 00-ff]
[   16.590964] pci 0000:00:01.1: legacy IDE quirk: reg 0x10: [io  0x01f0-0x01f7]
[   16.691904] pci 0000:00:01.1: legacy IDE quirk: reg 0x14: [io  0x03f6]
[   16.715355] pci 0000:00:01.1: legacy IDE quirk: reg 0x18: [io  0x0170-0x0177]
[   16.716415] pci 0000:00:01.1: legacy IDE quirk: reg 0x1c: [io  0x0376]
[   16.832397] pci 0000:00:07.0: quirk: [io  0x4000-0x403f] claimed by PIIX4 ACPI
[   16.896226] pci 0000:00:07.0: quirk: [io  0x4100-0x410f] claimed by PIIX4 SMB
[   17.022306] ACPI: PCI Interrupt Link [LNKA] (IRQs 5 9 10 *11)
[   17.103051] ACPI: PCI Interrupt Link [LNKB] (IRQs 5 9 10 *11)
[   17.211032] ACPI: PCI Interrupt Link [LNKC] (IRQs 5 9 *10 11)
[   17.334090] ACPI: PCI Interrupt Link [LNKD] (IRQs 5 *9 10 11)
[   17.439172] ACPI: Enabled 2 GPEs in block 00 to 07
[   17.551103] vgaarb: setting as boot device: PCI:0000:00:02.0
[   17.637616] vgaarb: device added: PCI:0000:00:02.0,decodes=io+mem,owns=io+mem,locks=none
[   17.685610] vgaarb: loaded
[   17.753986] vgaarb: bridge control possible 0000:00:02.0
[   17.792558] SCSI subsystem initialized
[   17.793382] ACPI: bus type USB registered
[   17.794136] usbcore: registered new interface driver usbfs
[   17.868121] usbcore: registered new interface driver hub
[   17.942323] usbcore: registered new device driver usb
[   17.971070] PCI: Using ACPI for IRQ routing
[   18.011334] NetLabel: Initializing
[   18.034045] NetLabel:  domain hash size = 128
[   18.090465] NetLabel:  protocols = UNLABELED CIPSOv4
[   18.176599] NetLabel:  unlabeled traffic allowed by default
[   18.250759] amd_nb: Cannot enumerate AMD northbridges
[   18.372164] clocksource: Switched to clocksource kvm-clock
[   18.453800] AppArmor: AppArmor Filesystem Enabled
[   18.587765] pnp: PnP ACPI init
[   18.672837] pnp: PnP ACPI: found 3 devices
[   18.802425] clocksource: acpi_pm: mask: 0xffffff max_cycles: 0xffffff, max_idle_ns: 2085701024 ns
[   19.005030] NET: Registered protocol family 2
[   19.033436] TCP established hash table entries: 8192 (order: 4, 65536 bytes)
[   19.229337] TCP bind hash table entries: 8192 (order: 5, 131072 bytes)
[   19.424817] TCP: Hash tables configured (established 8192 bind 8192)
[   19.610353] UDP hash table entries: 512 (order: 2, 16384 bytes)
[   19.775355] UDP-Lite hash table entries: 512 (order: 2, 16384 bytes)
[   19.962414] NET: Registered protocol family 1
[   20.049414] pci 0000:00:00.0: Limiting direct PCI/PCI transfers
[   20.064549] pci 0000:00:01.0: Activating ISA DMA hang workarounds
[   20.065784] Unpacking initramfs...
[   20.244237] Freeing initrd memory: 15232K
[   20.321040] RAPL PMU detected, API unit is 2^-32 Joules, 3 fixed counters 10737418240 ms ovfl timer
[   20.404658] hw unit of domain pp0-core 2^-0 Joules
[   20.504881] hw unit of domain package 2^-0 Joules
[   20.636513] hw unit of domain pp1-gpu 2^-0 Joules
[   20.758494] platform rtc_cmos: registered platform RTC device (no PNP device found)
[   20.932731] Scanning for low memory corruption every 60 seconds
[   21.082445] audit: initializing netlink subsys (disabled)
[   21.168521] audit: type=2000 audit(1515544341.684:1): initialized
[   21.307826] Initialise system trusted keyring
[   21.388703] HugeTLB registered 2 MB page size, pre-allocated 0 pages
[   21.554160] zbud: loaded
[   21.582882] VFS: Disk quotas dquot_6.6.0
[   21.674075] VFS: Dquot-cache hash table entries: 512 (order 0, 4096 bytes)
[   21.875619] tsc: Refined TSC clocksource calibration: 3391.925 MHz
[   21.876586] clocksource: tsc: mask: 0xffffffffffffffff max_cycles: 0x30e4824aeea, max_idle_ns: 440795297748 ns
[   21.876854] squashfs: version 4.0 (2009/01/31) Phillip Lougher
[   22.020343] fuse init (API version 7.23)
[   22.020454] Key type big_key registered
[   22.020472] Allocating IMA MOK and blacklist keyrings.
[   22.020654] Key type asymmetric registered
[   22.020656] Asymmetric key parser 'x509' registered
[   22.020684] Block layer SCSI generic (bsg) driver version 0.4 loaded (major 249)
[   22.020721] io scheduler noop registered
[   22.020723] io scheduler deadline registered (default)
[   22.020746] io scheduler cfq registered
[   22.020812] pci_hotplug: PCI Hot Plug PCI Core version: 0.5
[   22.020815] pciehp: PCI Express Hot Plug Controller Driver version: 0.4
[   22.020916] ACPI: AC Adapter [AC] (on-line)
[   22.020957] input: Power Button as /devices/LNXSYSTM:00/LNXPWRBN:00/input/input0
[   22.020959] ACPI: Power Button [PWRF]
[   22.021016] input: Sleep Button as /devices/LNXSYSTM:00/LNXSLPBN:00/input/input1
[   22.021017] ACPI: Sleep Button [SLPF]
[   22.021127] GHES: HEST is not enabled!
[   22.021195] Serial: 8250/16550 driver, 32 ports, IRQ sharing enabled
[   22.055360] 00:02: ttyS0 at I/O 0x3f8 (irq = 4, base_baud = 115200) is a 16550A
[   22.150386] Linux agpgart interface v0.103
[   22.160461] loop: module loaded
[   22.160892] scsi host0: ata_piix
[   22.160938] scsi host1: ata_piix
[   22.160961] ata1: PATA max UDMA/33 cmd 0x1f0 ctl 0x3f6 bmdma 0xd000 irq 14
[   22.160961] ata2: PATA max UDMA/33 cmd 0x170 ctl 0x376 bmdma 0xd008 irq 15
[   22.161019] libphy: Fixed MDIO Bus: probed
[   22.161021] tun: Universal TUN/TAP device driver, 1.6
[   22.161022] tun: (C) 1999-2004 Max Krasnyansky <maxk@qualcomm.com>
[   22.161373] PPP generic driver version 2.4.2
[   22.161424] ehci_hcd: USB 2.0 'Enhanced' Host Controller (EHCI) Driver
[   22.161427] ehci-pci: EHCI PCI platform driver
[   22.161435] ehci-platform: EHCI generic platform driver
[   22.161440] ohci_hcd: USB 1.1 'Open' Host Controller (OHCI) Driver
[   22.161443] ohci-pci: OHCI PCI platform driver
[   22.161449] ohci-platform: OHCI generic platform driver
[   22.161454] uhci_hcd: USB Universal Host Controller Interface driver
[   22.161495] i8042: PNP: PS/2 Controller [PNP0303:PS2K,PNP0f03:PS2M] at 0x60,0x64 irq 1,12
[   22.180786] serio: i8042 KBD port at 0x60,0x64 irq 1
[   22.180792] serio: i8042 AUX port at 0x60,0x64 irq 12
[   22.180913] mousedev: PS/2 mouse device common for all mice
[   22.181163] rtc_cmos rtc_cmos: rtc core: registered rtc_cmos as rtc0
[   22.181209] rtc_cmos rtc_cmos: alarms up to one day, 114 bytes nvram
[   22.181214] i2c /dev entries driver
[   22.181256] device-mapper: uevent: version 1.0.3
[   22.181298] device-mapper: ioctl: 4.34.0-ioctl (2015-10-28) initialised: dm-devel@redhat.com
[   22.181311] ledtrig-cpu: registered to indicate activity on CPUs
[   22.181518] NET: Registered protocol family 10
[   22.181625] NET: Registered protocol family 17
[   22.181634] Key type dns_resolver registered
[   22.203575] microcode: CPU0 sig=0x306a9, pf=0x2, revision=0x19
[   22.203627] microcode: CPU1 sig=0x306a9, pf=0x2, revision=0x19
[   22.203673] microcode: Microcode Update Driver: v2.01 <tigran@aivazian.fsnet.co.uk>, Peter Oruba
[   22.203798] registered taskstats version 1
[   22.203812] Loading compiled-in X.509 certificates
[   22.204419] Loaded X.509 cert 'Build time autogenerated kernel key: 8537ad706776f532219d7336343c968b9f82f7c7'
[   22.204435] zswap: loaded using pool lzo/zbud
[   22.205790] Key type trusted registered
[   22.207561] Key type encrypted registered
[   22.207565] AppArmor: AppArmor sha1 policy hashing enabled
[   22.207567] ima: No TPM chip found, activating TPM-bypass!
[   22.207581] evm: HMAC attrs: 0x1
[   22.207852]   Magic number: 2:194:506
[   22.442365] rtc_cmos rtc_cmos: setting system clock to 2018-01-10 00:32:35 UTC (1515544355)
[   22.442479] BIOS EDD facility v0.16 2004-Jun-25, 0 devices found
[   22.442479] EDD information not available.
[   23.107941] input: AT Translated Set 2 keyboard as /devices/platform/i8042/serio0/input/input2
[   27.571660] Freeing unused kernel memory: 1492K
[   27.573485] Write protecting the kernel read-only data: 14336k
[   27.574772] Freeing unused kernel memory: 1744K
[   27.575725] Freeing unused kernel memory: 108K
Loading, please wait...
[   27.585288] random: systemd-udevd: uninitialized urandom read (16 bytes read, 5 bits of entropy available)
starting version[   27.585674] random: udevadm: uninitialized urandom read (16 bytes read, 5 bits of entropy available)
 229
[   27.585688] random: udevadm: uninitialized urandom read (16 bytes read, 5 bits of entropy available)
[   27.591251] random: udevadm: uninitialized urandom read (16 bytes read, 5 bits of entropy available)
[   27.591277] random: udevadm: uninitialized urandom read (16 bytes read, 5 bits of entropy available)
[   27.591362] random: udevadm: uninitialized urandom read (16 bytes read, 5 bits of entropy available)
[   27.591416] random: udevadm: uninitialized urandom read (16 bytes read, 5 bits of entropy available)
[   27.591449] random: udevadm: uninitialized urandom read (16 bytes read, 5 bits of entropy available)
[   27.591483] random: udevadm: uninitialized urandom read (16 bytes read, 5 bits of entropy available)
[   27.591519] random: udevadm: uninitialized urandom read (16 bytes read, 5 bits of entropy available)
[   29.502484] Fusion MPT base driver 3.04.20
[   29.571484] Copyright (c) 1999-2008 LSI Corporation
[   29.585654] e1000: Intel(R) PRO/1000 Network Driver - version 7.3.21-k8-NAPI
[   29.747083] e1000: Copyright (c) 1999-2006 Intel Corporation.
[   29.935354] Fusion MPT SPI Host driver 3.04.20
[   30.075700] mptbase: ioc0: Initiating bringup
[   30.103593] AVX version of gcm_enc/dec engaged.
[   30.210070] AES CTR mode by8 optimization enabled
[   30.268401] ioc0: LSI53C1030 A0: Capabilities={Initiator}
[   30.428877] input: ImExPS/2 Generic Explorer Mouse as /devices/platform/i8042/serio1/input/input4
[   30.473515] scsi host2: ioc0: LSI53C1030 A0, FwRev=00000000h, Ports=1, MaxQ=256, IRQ=20
[   30.604827] scsi 2:0:0:0: Direct-Access     VBOX     HARDDISK         1.0  PQ: 0 ANSI: 5
[   30.660301] scsi target2:0:0: Beginning Domain Validation
[   30.801407] scsi target2:0:0: Domain Validation skipping write tests
[   30.941936] scsi target2:0:0: Ending Domain Validation
[   31.008288] e1000 0000:00:03.0 eth0: (PCI:33MHz:32-bit) 02:15:29:52:b1:84
[   31.008312] e1000 0000:00:03.0 eth0: Intel(R) PRO/1000 Network Connection
[   31.138038] scsi target2:0:0: asynchronous
[   31.138567] e1000 0000:00:03.0 enp0s3: renamed from eth0
[   31.383004] scsi 2:0:1:0: Direct-Access     VBOX     HARDDISK         1.0  PQ: 0 ANSI: 5
[   31.578339] scsi target2:0:1: Beginning Domain Validation
[   31.592030] scsi target2:0:1: Domain Validation skipping write tests
[   31.605298] scsi target2:0:1: Ending Domain Validation
[   31.606231] scsi target2:0:1: asynchronous
[   31.611857] sd 2:0:0:0: Attached scsi generic sg0 type 0
[   31.617322] sd 2:0:0:0: [sda] 20971520 512-byte logical blocks: (10.7 GB/10.0 GiB)
[   31.664969] sd 2:0:1:0: Attached scsi generic sg1 type 0
[   31.685092] sd 2:0:1:0: [sdb] 20480 512-byte logical blocks: (10.5 MB/10.0 MiB)
[   31.698574] sd 2:0:0:0: [sda] Write Protect is off
[   31.788997] sd 2:0:0:0: [sda] Incomplete mode parameter data
[   31.926828] sd 2:0:0:0: [sda] Assuming drive cache: write through
[   32.048886] sd 2:0:1:0: [sdb] Write Protect is off
[   32.097283] sd 2:0:1:0: [sdb] Incomplete mode parameter data
[   32.098232] sd 2:0:1:0: [sdb] Assuming drive cache: write through
[   32.114978]  sda: sda1
[   32.189076] sd 2:0:0:0: [sda] Attached SCSI disk
[   32.250515] sd 2:0:1:0: [sdb] Attached SCSI disk
[   32.592686] floppy0: no floppy controllers found
Begin: Loading e[   34.035407] md: linear personality registered for level -1
ssential drivers ... [   34.169630] md: multipath personality registered for level -4
[   34.178522] md: raid0 personality registered for level 0
[   34.346543] md: raid1 personality registered for level 1
[   34.592303] raid6: sse2x1   gen()  9800 MB/s
[   34.768317] raid6: sse2x1   xor()  7745 MB/s
[   34.916290] raid6: sse2x2   gen() 12157 MB/s
[   35.096331] raid6: sse2x2   xor()  8580 MB/s
[   35.168336] raid6: sse2x4   gen() 14419 MB/s
[   35.320367] raid6: sse2x4   xor() 10617 MB/s
[   35.410206] raid6: using algorithm sse2x4 gen() 14419 MB/s
[   35.531266] raid6: .... xor() 10617 MB/s, rmw enabled
[   35.653789] raid6: using ssse3x2 recovery algorithm
[   35.756629] xor: automatically using best checksumming function:
[   35.872418]    avx       : 19961.000 MB/sec
[   35.877262] async_tx: api initialized (async)
[   35.884521] md: raid6 personality registered for level 6
[   35.902671] md: raid5 personality registered for level 5
[   35.924706] md: raid4 personality registered for level 4
[   35.937332] md: raid10 personality registered for level 10
done.
Begin: Running[   36.056855] Btrfs loaded
 /scripts/init-premount ... done.
Begin: Mounting root file system ... Begin: Running /scripts/local-top ... done.
Begin: Running /scripts/loc[   36.151190] EXT4-fs (sda1): INFO: recovery required on readonly filesystem
al-premount ... Scanning for Btrfs filesystems
[   36.159006] EXT4-fs (sda1): write access will be enabled during recovery
done.
Warning: fsck not present, so skipping root file system
[   36.371597] EXT4-fs (sda1): orphan cleanup on readonly fs
[   36.399881] EXT4-fs (sda1): 1 orphan inode deleted
[   36.405320] EXT4-fs (sda1): recovery complete
[   36.409515] EXT4-fs (sda1): mounted filesystem with ordered data mode. Opts: (null)
done.
Begin: Running /scripts/local-bottom ... done.
Begin: Running /scripts/init-bottom ... done.
[   37.095103] random: nonblocking pool is initialized
[   37.651332] systemd[1]: systemd 229 running in system mode. (+PAM +AUDIT +SELINUX +IMA +APPARMOR +SMACK +SYSVINIT +UTMP +LIBCRYPTSETUP +GCRYPT +GNUTLS +ACL +XZ -LZ4 +SECCOMP +BLKID +ELFUTILS +KMOD -IDN)
[   37.974802] systemd[1]: Detected virtualization oracle.
[   37.975670] systemd[1]: Detected architecture x86-64.

Welcome to [1mUbuntu 16.04.3 LTS[0m!

[   38.062303] systemd[1]: Set hostname to <ubuntu-xenial>.
[   39.012990] systemd[1]: Reached target Encrypted Volumes.
[[0;32m  OK  [0m] Reached target Encrypted Volumes.
[   39.100633] systemd[1]: Started Trigger resolvconf update for networkd DNS.
[[0;32m  OK  [0m] Started Trigger resolvconf update for networkd DNS.
[   39.176229] systemd[1]: Listening on /dev/initctl Compatibility Named Pipe.
[[0;32m  OK  [0m] Listening on /dev/initctl Compatibility Named Pipe.
[   39.292887] systemd[1]: Set up automount Arbitrary Executable File Formats File System Automount Point.
[[0;32m  OK  [0m] Set up automount Arbitrary Executab...ats File System Automount Point.
[   39.565088] systemd[1]: Reached target User and Group Name Lookups.
[[0;32m  OK  [0m] Reached target User and Group Name Lookups.
[   39.707325] systemd[1]: Created slice User and Session Slice.
[[0;32m  OK  [0m] Created slice User and Session Slice.
[   39.908788] systemd[1]: Listening on udev Kernel Socket.
[[0;32m  OK  [0m] Listening on udev Kernel Socket.
[   40.108825] systemd[1]: Listening on LVM2 poll daemon socket.
[[0;32m  OK  [0m] Listening on LVM2 poll daemon socket.
[   40.229401] systemd[1]: Reached target Swap.
[[0;32m  OK  [0m] Reached target Swap.
[   40.243797] systemd[1]: Started Forward Password Requests to Wall Directory Watch.
[[0;32m  OK  [0m] Started Forward Password Requests to Wall Directory Watch.
[   40.440842] systemd[1]: Listening on Device-mapper event daemon FIFOs.
[[0;32m  OK  [0m] Listening on Device-mapper event daemon FIFOs.
[   40.657330] systemd[1]: Created slice System Slice.
[[0;32m  OK  [0m] Created slice System Slice.
[   40.857100] systemd[1]: Reached target Slices.
[[0;32m  OK  [0m] Reached target Slices.
[   40.992958] systemd[1]: Created slice system-serial\x2dgetty.slice.
[[0;32m  OK  [0m] Created slice system-serial\x2dgetty.slice.
[   41.003174] systemd[1]: Listening on LVM2 metadata daemon socket.
[[0;32m  OK  [0m] Listening on LVM2 metadata daemon socket.
[   41.014712] systemd[1]: Listening on Journal Socket (/dev/log).
[[0;32m  OK  [0m] Listening on Journal Socket (/dev/log).
[   41.076896] systemd[1]: Listening on Journal Socket.
[[0;32m  OK  [0m] Listening on Journal Socket.
[   41.228385] systemd[1]: Starting Create list of required static device nodes for the current kernel...
         Starting Create list of required st... nodes for the current kernel...
[   41.316585] systemd[1]: Starting Nameserver information manager...
         Starting Nameserver information manager...
[   41.340655] systemd[1]: Starting Uncomplicated firewall...
         Starting Uncomplicated firewall...
[   41.388305] systemd[1]: Starting Set console keymap...
         Starting Set console keymap...
[   41.444748] systemd[1]: Mounting Huge Pages File System...
         Mounting Huge Pages File System...
[   41.672340] systemd[1]: Starting Load Kernel Modules...
[   41.803239] Loading iSCSI transport class v2.0-870.
         Startin[   41.947355] iscsi: registered transport (tcp)
g Load Kernel Modules...
[   42.133700] iscsi: registered transport (iser)
[   42.276526] systemd[1]: Starting Remount Root and Kernel File Systems...
[   42.279765] EXT4-fs (sda1): re-mounted. Opts: (null)
         Starting Remount Root and Kernel File Systems...
[   42.340498] systemd[1]: Mounting Debug File System...
         Mounting Debug File System...
[   42.372420] systemd[1]: Starting Monitoring of LVM2 mirrors, snapshots etc. using dmeventd or progress polling...
         Starting Monitoring of LVM2 mirrors... dmeventd or progress polling...
[   42.443248] systemd[1]: Mounting POSIX Message Queue File System...
         Mounting POSIX Message Queue File System...
[   42.455377] systemd[1]: Listening on udev Control Socket.
[[0;32m  OK  [0m] Listening on udev Control Socket.
[   42.457117] systemd[1]: Listening on Syslog Socket.
[[0;32m  OK  [0m] Listening on Syslog Socket.
[   42.531568] systemd[1]: Listening on Journal Audit Socket.
[[0;32m  OK  [0m] Listening on Journal Audit Socket.
[   42.556414] systemd[1]: Starting Journal Service...
         Starting Journal Service...
[   42.688950] systemd[1]: Mounted Huge Pages File System.
[[0;32m  OK  [0m] Mounted Huge Pages File System.
[   42.819901] systemd[1]: Mounted POSIX Message Queue File System.
[[0;32m  OK  [0m] Mounted POSIX Message Queue File System.
[   42.821732] systemd[1]: Mounted Debug File System.
[[0;32m  OK  [0m] Mounted Debug File System.
[   42.848720] systemd[1]: Started Journal Service.
[[0;32m  OK  [0m] Started Journal Service.
[[0;32m  OK  [0m] Started Create list of required sta...ce nodes for the current kernel.
[[0;32m  OK  [0m] Started Uncomplicated firewall.
[[0;32m  OK  [0m] Started Set console keymap.
[[0;32m  OK  [0m] Started Load Kernel Modules.
[[0;32m  OK  [0m] Started Remount Root and Kernel File Systems.
[[0;32m  OK  [0m] Started Nameserver information manager.
[[0;32m  OK  [0m] Started LVM2 metadata daemon.
         Starting udev Coldplug all Devices...
         Starting Load/Save Random Seed...
         Starting Initial cloud-init job (pre-networking)...
         Mounting FUSE Control File System...
         Starting Apply Kernel Variables...
         Starting Create Static Device Nodes in /dev...
         Starting Flush Journal to Persistent Storage...
[[0;32m  OK  [0m] Mounted FUSE Control File System.
[[0;32m  OK  [0m] Started Load/Save Random Seed.
[[0;32m  OK  [0m] Started Apply Kernel Variables.
[[0;32m  OK  [0m] Started Create Static Device Nodes in /dev.
[[0;32m  OK  [0m] Started udev Coldplug all Devices.
[[0;32m  OK  [0m] Started Monitoring of LVM2 mirrors,...ng dmeventd or progress polling.
         Starting udev Kernel Device Manager...
[[0;32m  OK  [0m] Started Flush Journal to Persistent Storage.
[[0;32m  OK  [0m] Started udev Kernel Device Manager.
[[0;32m  OK  [0m] Reached target Local File Systems (Pre).
[[0;32m  OK  [0m] Reached target Local File Systems.
         Starting Set console font and keymap...
         Starting LSB: AppArmor initialization...
         Starting Create Volatile Files and Directories...
         Starting Tell Plymouth To Write Out Runtime Data...
         Mounting Mount unit for core...
         Mounting Mount unit for core...
         Mounting Mount unit for heroku...
[[0;32m  OK  [0m] Started Dispatch Password Requests to Console Directory Watch.
[[0;32m  OK  [0m] Mounted Mount unit for core.
[[0;32m  OK  [0m] Mounted Mount unit for core.
[[0;32m  OK  [0m] Mounted Mount unit for heroku.
[[0;32m  OK  [0m] Started Create Volatile Files and Directories.
[[0;32m  OK  [0m] Started Set console font and keymap.
[[0;32m  OK  [0m] Started Tell Plymouth To Write Out Runtime Data.
[[0;32m  OK  [0m] Found device /dev/ttyS0.
[[0;32m  OK  [0m] Created slice system-getty.slice.
[[0;32m  OK  [0m] Reached target System Time Synchronized.
         Starting Update UTMP about System Boot/Shutdown...
[[0;32m  OK  [0m] Listening on Load/Save RF Kill Switch Status /dev/rfkill Watch.
[[0;32m  OK  [0m] Started Update UTMP about System Boot/Shutdown.
[[0;32m  OK  [0m] Started LSB: AppArmor initialization.
[   30.630641] cloud-init[455]: Cloud-init v. 17.1 running 'init-local' at Wed, 10 Jan 2018 00:33:01 +0000. Up 29.98 seconds.
[[0;32m  OK  [0m] Started Initial cloud-init job (pre-networking).
[[0;32m  OK  [0m] Reached target Network (Pre).
[[0;32m  OK  [0m] Started ifup for enp0s3.
         Starting Raise network interfaces...
[[0;32m  OK  [0m] Started Raise network interfaces.
         Starting Initial cloud-init job (metadata service crawler)...
[[0;32m  OK  [0m] Reached target Network.
[   31.998268] cloud-init[1008]: Cloud-init v. 17.1 running 'init' at Wed, 10 Jan 2018 00:33:02 +0000. Up 31.27 seconds.
[   32.072348] cloud-init[1008]: ci-info: +++++++++++++++++++++++++++++++++++++Net device info++++++++++++++++++++++++++++++++++++++
[   32.224538] cloud-init[1008]: ci-info: +--------+------+----------------------------+---------------+-------+-------------------+
[[0;32m  OK  [0m] Started Initial cloud-init job (metadata service crawler).
[[0;32m  OK  [0m] Reached target Network is Online.
[   32.375598] cloud-init[1008]: ci-info: | Device |  Up  |          Address           |      Mask     | Scope |     Hw-Address    |
[   32.534937]          cloud-initStarting iSCSI initiator daemon (iscsid)...[1008]: 
ci-info: +--------+------+----------------------------+---------------+-------+-------------------+
[   32.555406] [cloud-init[0;32m  OK  [0m[1008]: ] ci-info: | enp0s3 | True |         10.0.2.15          | 255.255.255.0 |   .   | 02:15:29:52:b1:84 |Reached target Cloud-config availability.

[[0;32m  OK  [0m] Reached target System Initialization.
[   32.555861] cloud-init[1008]: ci-info: | enp0s3 | True | fe80::15:29ff:fe52:b184/64 |       .       |  link | 02:15:29:52:b1:84 |
[   32.659655] cloud-init[1008]: ci-info: |   lo   | True |         127.0.0.1          |   255.0.0.0   |   .   |         .         |
         Starting LXD - unix socket.
         Starting Socket activation for snappy daemon.
[[0;32m  OK  [0m] Listening on ACPID Listen Socket.
[   32.660165] cloud-init[1008]: ci-info: |   lo   | True |          ::1/128           |       .       |  host |         .         |
[   32.817346] [cloud-init[0;32m  OK  [0m[1008]: ] ci-info: +--------+------+----------------------------+---------------+-------+-------------------+Listening on D-Bus System Message Bus Socket.

[   32.817712] cloud-init[1008]: ci-info: +++++++++++++++++++++++++++Route IPv4 info++++++++++++++++++++++++++++
[   32.892426] [[0;32m  OK  [0m] Started Timer to automatically refresh installed snaps.
[[0;32m  OK  [0m] Started Daily Cleanup of Temporary Directories.
cloud-init[1008]: ci-info: +-------+-------------+----------+---------------+-----------+-------+
[   32.988326] [cloud-init[0;32m  OK  [0m[1008]: ] ci-info: | Route | Destination | Gateway  |    Genmask    | Interface | Flags |Listening on UUID daemon activation socket.

[   32.988696] cloud-init[1008]: ci-info: +-------+-------------+----------+---------------+-----------+-------+
[   33.071608] cloud-init[1008]: ci-info: |   0   |   0.0.0.0   | 10.0.2.2 |    0.0.0.0    |   enp0s3  |   UG  |
[   33.101415] [cloud-init[0;32m  OK  [0m[1008]: ] ci-info: |   1   |   10.0.2.0  | 0.0.0.0  | 255.255.255.0 |   enp0s3  |   U   |Started ACPI Events Check.

[[0;32m  OK  [0m] Reached target Paths.
[[0;32m  OK  [0m] Started Daily apt download activities.
[   33.101790] cloud-init[1008]: ci-info: +-------+-------------+----------+---------------+-----------+-------+
[[0;32m  OK  [0m] Started Daily apt upgrade and clean activities.
[[0;32m  OK  [0m] Reached target Timers.
[[0;32m  OK  [0m] Listening on LXD - unix socket.
[[0;32m  OK  [0m] Listening on Socket activation for snappy daemon.
[[0;32m  OK  [0m] Reached target Sockets.
[[0;32m  OK  [0m] Reached target Basic System.
         Starting Apply the settings specified in cloud-config...
[[0;32m  OK  [0m] Started Unattended Upgrades Shutdown.
[[0;32m  OK  [0m] Started Regular background program processing daemon.
[[0;32m  OK  [0m] Started Deferred execution scheduler.
[[0;32m  OK  [0m] Started FUSE filesystem for LXC.
         Starting Snappy daemon...
         Starting Accounts Service...
[[0;32m  OK  [0m] Started D-Bus System Message Bus.
[   33.810513] cloud-init[1065]: Cloud-init v. 17.1 running 'modules:config' at Wed, 10 Jan 2018 00:33:04 +0000. Up 33.58 seconds.
         Starting System Logging Service...
[[0;32m  OK  [0m] Started ACPI event daemon.
         Starting /etc/rc.local Compatibility...
         Starting LXD - container startup/shutdown...
         Starting OpenBSD Secure Shell server...
         Starting Login Service...
         Starting LSB: MD monitoring daemon...
         Starting LSB: Record successful boot for GRUB...
[[0;32m  OK  [0m] Started iSCSI initiator daemon (iscsid).
[[0;32m  OK  [0m] Started Apply the settings specified in cloud-config.
[[0;32m  OK  [0m] Started /etc/rc.local Compatibility.
[[0;32m  OK  [0m] Started Login Service.
[[0;32m  OK  [0m] Started System Logging Service.
         Starting Authenticate and Authorize Users to Run Privileged Tasks...
         Starting Login to default iSCSI targets...
[[0;32m  OK  [0m] Started LSB: Record successful boot for GRUB.
[[0;32m  OK  [0m] Started LSB: MD monitoring daemon.
[[0;32m  OK  [0m] Started Login to default iSCSI targets.
[[0;32m  OK  [0m] Started Authenticate and Authorize Users to Run Privileged Tasks.
[[0;32m  OK  [0m] Started Accounts Service.
[[0;32m  OK  [0m] Reached target Remote File Systems (Pre).
[[0;32m  OK  [0m] Reached target Remote File Systems.
         Starting LSB: VirtualBox Linux Additions...
         Starting LSB: automatic crash report generation...
         Starting LSB: Set the CPU Frequency Scaling governor to "ondemand"...
         Starting LSB: daemon to balance interrupts for SMP systems...
         Starting Permit User Sessions...
[[0;32m  OK  [0m] Started OpenBSD Secure Shell server.
[[0;32m  OK  [0m] Started LSB: Set the CPU Frequency Scaling governor to "ondemand".
[[0;32m  OK  [0m] Started Permit User Sessions.
         Starting Terminate Plymouth Boot Screen...
         Starting Hold until boot process finishes up...
[[0;32m  OK  [0m] Started LSB: automatic crash report generation.
[[0;32m  OK  [0m] Started LSB: daemon to balance interrupts for SMP systems.
[[0;32m  OK  [0m] Started Terminate Plymouth Boot Screen.
[[0;32m  OK  [0m] Started Hold until boot process finishes up.
[[0;32m  OK  [0m] Started Getty on tty1.
         Starting Set console scheme...
[[0;32m  OK  [0m] Started Serial Getty on ttyS0.
[[0;32m  OK  [0m] Reached target Login Prompts.
[[0;32m  OK  [0m] Started LSB: VirtualBox Linux Additions.
[[0;32m  OK  [0m] Started Set console scheme.
[[0;32m  OK  [0m] Started LXD - container startup/shutdown.
[[0;32m  OK  [0m] Started Snappy daemon.
[[0;32m  OK  [0m] Reached target Multi-User System.
[[0;32m  OK  [0m] Reached target Graphical Interface.
         Starting Update UTMP about System Runlevel Changes...
         Starting Execute cloud user/final scripts...
[[0;32m  OK  [0m] Started Update UTMP about System Runlevel Changes.
[   37.166356] cloud-init[1253]: Cloud-init v. 17.1 running 'modules:final' at Wed, 10 Jan 2018 00:33:08 +0000. Up 37.03 seconds.
[   37.304786] cloud-init[1253]: Cloud-init v. 17.1 finished at Wed, 10 Jan 2018 00:33:08 +0000. Datasource DataSourceNoCloud [seed=/dev/sdb][dsmode=net].  Up 37.16 seconds
[[0;32m  OK  [0m] Started Execute cloud user/final scripts.
         Starting Daily apt download activities...
[[0;32m  OK  [0m] Reached target Cloud-init target.
[[0;32m  OK  [0m] Created slice User Slice of ubuntu.
         Starting User Manager for UID 1000...
[[0;32m  OK  [0m] Started Session 1 of user ubuntu.
[[0;32m  OK  [0m] Started User Manager for UID 1000.

Ubuntu 16.04.3 LTS ubuntu-xenial ttyS0

ubuntu-xenial login: 